Mon Feb 26 2018 19:20:22 GMT+0000 (Hora padrão de GMT):GET/asdcfghj
Mon Feb 26 2018 19:20:34 GMT+0000 (Hora padrão de GMT):GET/
Mon Feb 26 2018 19:20:39 GMT+0000 (Hora padrão de GMT):GET/
Mon Feb 26 2018 19:20:42 GMT+0000 (Hora padrão de GMT):GET/
Mon Feb 26 2018 19:20:43 GMT+0000 (Hora padrão de GMT):GET/
Mon Feb 26 2018 19:20:49 GMT+0000 (Hora padrão de GMT):GET/about
Mon Feb 26 2018 19:20:54 GMT+0000 (Hora padrão de GMT):GET/about
Mon Feb 26 2018 19:24:30 GMT+0000 (Hora padrão de GMT):GET/about
Mon Feb 26 2018 19:24:53 GMT+0000 (Hora padrão de GMT):GET/about
Mon Feb 26 2018 19:25:11 GMT+0000 (Hora padrão de GMT):GET/about
Mon Feb 26 2018 19:25:31 GMT+0000 (Hora padrão de GMT):GET/about
Mon Feb 26 2018 19:25:32 GMT+0000 (Hora padrão de GMT):GET/about
Mon Feb 26 2018 19:25:33 GMT+0000 (Hora padrão de GMT):GET/about
Mon Feb 26 2018 19:25:36 GMT+0000 (Hora padrão de GMT):GET/home
Mon Feb 26 2018 19:25:39 GMT+0000 (Hora padrão de GMT):GET/hodgfdg
Mon Feb 26 2018 19:26:53 GMT+0000 (Hora padrão de GMT):GET/help.html
Mon Feb 26 2018 19:26:56 GMT+0000 (Hora padrão de GMT):GET/help.html
Mon Feb 26 2018 19:27:35 GMT+0000 (Hora padrão de GMT):GET/help.html
Mon Feb 26 2018 19:27:35 GMT+0000 (Hora padrão de GMT):GET/help.html
Mon Feb 26 2018 19:27:36 GMT+0000 (Hora padrão de GMT):GET/help.html
Mon Feb 26 2018 19:27:36 GMT+0000 (Hora padrão de GMT):GET/help.html
Mon Feb 26 2018 19:27:36 GMT+0000 (Hora padrão de GMT):GET/help.html
Mon Feb 26 2018 19:27:38 GMT+0000 (Hora padrão de GMT):GET/help.html
Mon Feb 26 2018 19:27:38 GMT+0000 (Hora padrão de GMT):GET/help.html
Mon Feb 26 2018 19:27:38 GMT+0000 (Hora padrão de GMT):GET/help.html
Mon Feb 26 2018 19:27:38 GMT+0000 (Hora padrão de GMT):GET/help.html
Mon Feb 26 2018 19:27:59 GMT+0000 (Hora padrão de GMT):GET/help.html
Mon Feb 26 2018 19:27:59 GMT+0000 (Hora padrão de GMT):GET/help.html
Mon Feb 26 2018 19:28:14 GMT+0000 (Hora padrão de GMT):GET/help.html
Mon Feb 26 2018 19:28:17 GMT+0000 (Hora padrão de GMT):GET/sghf
Mon Feb 26 2018 19:28:22 GMT+0000 (Hora padrão de GMT):GET/sghf
Mon Feb 26 2018 19:28:23 GMT+0000 (Hora padrão de GMT):GET/sghf
Mon Feb 26 2018 19:28:26 GMT+0000 (Hora padrão de GMT):GET/
